FILE_TYPE=LIBRARY_PARTS;
PRIMITIVE 'CSTNE8M00GH5C000R0','CSTNE8M00GH5C000R0_Other';
  PIN
    'INPUT':
      PIN_NUMBER='(1)';
      NO_LOAD_CHECK=BOTH;
      NO_IO_CHECK=BOTH;
      ALLOW_CONNECT=TRUE;
      PINUSE='UNSPEC';
    'GND':
      PIN_NUMBER='(2)';
      NO_LOAD_CHECK=BOTH;
      NO_IO_CHECK=BOTH;
      ALLOW_CONNECT=TRUE;
      PINUSE='UNSPEC';
    'OUTPUT':
      PIN_NUMBER='(3)';
      NO_LOAD_CHECK=BOTH;
      NO_IO_CHECK=BOTH;
      ALLOW_CONNECT=TRUE;
      PINUSE='UNSPEC';
  END_PIN;
  BODY
    PART_NAME='CSTNE8M00GH5C000R0';
    PHYS_DES_PREFIX='Y';
    NO_LOAD_CHECK='TRUE';
    PIN_COUNT='3';
    BODY_NAME='CSTNE8M00GH5C000R0';
    JEDEC_TYPE='CSTNE12M0GH5L000R0';
  END_BODY;
END_PRIMITIVE;
END.
