FILE_TYPE=LIBRARY_PARTS;
PRIMITIVE 'GRMMDXR60J105ME05D','GRMMDXR60J105ME05D_Capacitor Chip Non-polarised';
  PIN
    '1':
      PIN_NUMBER='(1)';
      NO_LOAD_CHECK=BOTH;
      NO_IO_CHECK=BOTH;
      ALLOW_CONNECT=TRUE;
      PINUSE='UNSPEC';
    '2':
      PIN_NUMBER='(2)';
      NO_LOAD_CHECK=BOTH;
      NO_IO_CHECK=BOTH;
      ALLOW_CONNECT=TRUE;
      PINUSE='UNSPEC';
  END_PIN;
  BODY
    PART_NAME='GRMMDXR60J105ME05D';
    PHYS_DES_PREFIX='C';
    NO_LOAD_CHECK='TRUE';
    PIN_COUNT='2';
    BODY_NAME='GRMMDXR60J105ME05D';
    JEDEC_TYPE='CAPC0502X28N';
  END_BODY;
END_PRIMITIVE;
END.
